build/outputs/logs/manifest-merger-debug-report.txt
-- Merging decision tree log ---
manifest
ADDED from Project/imageloader/AndroidManifest.xml:2:1-29:12
	package
		ADDED from Project/imageloader/AndroidManifest.xml:3:5-50
	android:versionName
		ADDED from Project/imageloader/AndroidManifest.xml:5:5-30
	android:versionCode
		ADDED from Project/imageloader/AndroidManifest.xml:4:5-28
		INJECTED from Project/imageloader/AndroidManifest.xml
		INJECTED from Project/imageloader/AndroidManifest.xml
	xmlns:android
		ADDED from Project/imageloader/AndroidManifest.xml:2:11-69
uses-permission#android.permission.READ_EXTERNAL_STORAGE
ADDED from Project/imageloader/AndroidManifest.xml:7:5-79
	android:name
		ADDED from Project/imageloader/AndroidManifest.xml:7:22-77
uses-sdk
ADDED from Project/imageloader/AndroidManifest.xml:9:5-11:41
	android:targetSdkVersion
		ADDED from Project/imageloader/AndroidManifest.xml:11:9-38
	android:minSdkVersion
		ADDED from Project/imageloader/AndroidManifest.xml:10:9-34
application
ADDED from Project/imageloader/AndroidManifest.xml:13:5-27:19
	android:label
		ADDED from Project/imageloader/AndroidManifest.xml:16:9-36
	android:allowBackup
		ADDED from Project/imageloader/AndroidManifest.xml:14:9-35
	android:icon
		ADDED from Project/imageloader/AndroidManifest.xml:15:9-38
	android:theme
		ADDED from Project/imageloader/AndroidManifest.xml:17:9-40
activity#com.example.zhy_handler_imageloader.MainActivity
ADDED from Project/imageloader/AndroidManifest.xml:18:9-26:20
	android:label
		ADDED from Project/imageloader/AndroidManifest.xml:20:13-45
	android:name
		ADDED from Project/imageloader/AndroidManifest.xml:19:13-76
intent-filter#android.intent.action.MAIN+android.intent.category.LAUNCHER
ADDED from Project/imageloader/AndroidManifest.xml:21:13-25:29
action#android.intent.action.MAIN
ADDED from Project/imageloader/AndroidManifest.xml:22:17-69
	android:name
		ADDED from Project/imageloader/AndroidManifest.xml:22:25-66
category#android.intent.category.LAUNCHER
ADDED from Project/imageloader/AndroidManifest.xml:24:17-77
	android:name
		ADDED from Project/imageloader/AndroidManifest.xml:24:27-74